<?xml version="1.0" encoding="UTF-8" standalone="no"?>
<testsuite errors="0" failures="1" name="io.cucumber.core.plugin.JUnitFormatter" skipped="0" tests="7" time="34.806">
    <testcase classname="US002 kullanici AutomationExercise sitesini test eder" name="TC01 Register User" time="12.611">
        <system-out><![CDATA[Given automationExercise Url adresine git...................................passed
And anasayfanin gorunur oldugunu dogrula....................................passed
And SignupLogin butonuna tikla..............................................passed
And New User Signup gorunur oldugunu dogrula................................passed
And isim ve email gir.......................................................passed
But Signup butonuna tikla...................................................passed
But ENTER ACCOUNT INFORMATION yazisinin gorunur oldugunu dogrula............passed
Then Title, Name, Email, Password, Date of birth kutularini doldur..........passed
And Sign up for our newsletter! checkbox secimi yap.........................passed
And Receive special offers from our partners! checkbox secimi yap...........passed
And First name, Last name, Company, Address, Address2, Country, State, City, Zipcode, Mobile Number kutularini doldur.passed
And Create Account button butonunu tikla....................................passed
And ACCOUNT CREATED! gorunur oldugunu dogrula...............................passed
And Continue butonuna tikla.................................................passed
But Logged in as username gorunurlugunu dogrula.............................passed
And Delete Account butonuna tikla...........................................passed
And deleteclick.............................................................passed
]]></system-out>
    </testcase>
    <testcase classname="US002 kullanici AutomationExercise sitesini test eder" name="TC02 Register User with existing email adres" time="4.047">
        <system-out><![CDATA[Given automationExercise Url adresine git...................................passed
And anasayfanin gorunur oldugunu dogrula....................................passed
And logout..................................................................passed
And SignupLogin butonuna tikla..............................................passed
And New User Signup gorunur oldugunu dogrula................................passed
And Enter name and already registered email address.........................passed
But Click Signup button.....................................................passed
Then Verify error Email Address already exist! is visible...................passed
]]></system-out>
    </testcase>
    <testcase classname="US002 kullanici AutomationExercise sitesini test eder" name="TC03 Search Product" time="5.231">
        <system-out><![CDATA[Given automationExercise Url adresine git...................................passed
And anasayfanin gorunur oldugunu dogrula....................................passed
And click on Products button................................................passed
And Verify user is navigated to ALL PRODUCTS page successfully..............passed
But Enter product name in search input and click search button..............passed
Then Verify SEARCHED PRODUCTS is visible....................................passed
And Verify all the products related to search are visible...................passed
]]></system-out>
    </testcase>
    <testcase classname="US002 kullanici AutomationExercise sitesini test eder" name="Verify Product quantity in Cart" time="3.2">
        <system-out><![CDATA[Given automationExercise Url adresine git...................................passed
And anasayfanin gorunur oldugunu dogrula....................................passed
And Click View Product for any product on home page.........................passed
And Verify product detail is opened.........................................passed
Then Increase quantity to 4.................................................passed
And Click Add to cart button................................................passed
Then Click View Cart button.................................................passed
But Verify that product is displayed in cart page with exact quantity.......passed
]]></system-out>
    </testcase>
    <testcase classname="US002 kullanici AutomationExercise sitesini test eder" name="Remove Products From Cart" time="4.173">
        <failure message="" type="java.lang.AssertionError"><![CDATA[Given automationExercise Url adresine git...................................passed
And anasayfanin gorunur oldugunu dogrula....................................passed
Then Add products to cart...................................................passed
And Click Cart button.......................................................passed
Given Verify that cart page is displayed....................................passed
But Click X button corresponding to particular product......................passed
And Verify that product is removed from the cart............................failed

StackTrace:
java.lang.AssertionError
	at org.junit.Assert.fail(Assert.java:87)
	at org.junit.Assert.assertTrue(Assert.java:42)
	at org.junit.Assert.assertTrue(Assert.java:53)
	at stepDefinations.AutoStepDefinations_Erkam1.verifyThatProductIsRemovedFromTheCart(AutoStepDefinations_Erkam1.java:248)
	at âœ½.Verify that product is removed from the cart(file:///C:/Users/ERKAM%20USLU/IdeaProjects/Susam-Autto-Exercise-test/src/test/resources/features/US002_AutomationExercise_Erkam1.feature:57)
]]></failure>
    </testcase>
    <testcase classname="US002 kullanici AutomationExercise sitesini test eder" name="Add review on product" time="3.897">
        <system-out><![CDATA[Given automationExercise Url adresine git...................................passed
And anasayfanin gorunur oldugunu dogrula....................................passed
But click the product button................................................passed
And Verify user is navigated to ALL PRODUCTS page successfully..............passed
Then Click on View Product button...........................................passed
And Verify Write Your Review is visible.....................................passed
But Enter name, email and review............................................passed
Given Click Submit button...................................................passed
And Verify success message Thank you for your review........................passed
]]></system-out>
    </testcase>
    <testcase classname="US002 kullanici AutomationExercise sitesini test eder" name="Verify Scroll Up using Arrow button and Scroll Down functionality" time="1.493">
        <system-out><![CDATA[Given automationExercise Url adresine git...................................passed
And anasayfanin gorunur oldugunu dogrula....................................passed
And Scroll down page to bottom..............................................passed
And Verify SUBSCRIPTION is visible..........................................passed
Then Click on arrow at bottom right side to move upward.....................passed
And Verify that page is scrolled up and Full-Fledged practice website for Automation Engineers text is visible on screen.passed
]]></system-out>
    </testcase>
</testsuite>
