<?xml version="1.0" encoding="UTF-8" standalone="no"?>
<testsuite errors="0" failures="2" name="io.cucumber.core.plugin.JUnitFormatter" skipped="0" tests="6" time="58.417">
    <testcase classname="US002 kullanici AutomationExercise sitesini test eder" name="TC01 Register User" time="21.764">
        <failure message="no such element: Unable to locate element: {&quot;method&quot;:&quot;xpath&quot;,&quot;selector&quot;:&quot;(//b['Enter Account Information'])[1]&quot;}&#10;  (Session info: chrome=102.0.5005.115)&#10;For documentation on this error, please visit: https://selenium.dev/exceptions/#no_such_element&#10;Build info: version: '4.1.3', revision: '7b1ebf28ef'&#10;System info: host: 'DESKTOP-0GR68A5', ip: '192.168.1.37', os.name: 'Windows 11', os.arch: 'amd64', os.version: '10.0', java.version: '17.0.2'&#10;Driver info: org.openqa.selenium.chrome.ChromeDriver&#10;Command: [52a5dc6f7ff1dc25365d737e48a3b674, findElement {using=xpath, value=(//b['Enter Account Information'])[1]}]&#10;Capabilities {acceptInsecureCerts: false, browserName: chrome, browserVersion: 102.0.5005.115, chrome: {chromedriverVersion: 102.0.5005.61 (0e59bcc00cc4..., userDataDir: C:\Users\ERKAMU~1\AppData\L...}, goog:chromeOptions: {debuggerAddress: localhost:57746}, javascriptEnabled: true, networkConnectionEnabled: false, pageLoadStrategy: normal, platform: WINDOWS, platformName: WINDOWS, proxy: Proxy(), se:cdp: ws://localhost:57746/devtoo..., se:cdpVersion: 102.0.5005.115, setWindowRect: true, strictFileInteractability: false, timeouts: {implicit: 0, pageLoad: 300000, script: 30000}, unhandledPromptBehavior: dismiss and notify, webauthn:extension:credBlob: true, webauthn:extension:largeBlob: true, webauthn:virtualAuthenticators: true}&#10;Session ID: 52a5dc6f7ff1dc25365d737e48a3b674" type="org.openqa.selenium.NoSuchElementException"><![CDATA[Given automationExercise Url adresine git...................................passed
And anasayfanin gorunur oldugunu dogrula....................................passed
And SignupLogin butonuna tikla..............................................passed
And New User Signup gorunur oldugunu dogrula................................passed
And isim ve email gir.......................................................passed
But Signup butonuna tikla...................................................passed
But ENTER ACCOUNT INFORMATION yazisinin gorunur oldugunu dogrula............failed
Then Title, Name, Email, Password, Date of birth kutularini doldur..........skipped
And Sign up for our newsletter! checkbox secimi yap.........................skipped
And Receive special offers from our partners! checkbox secimi yap...........skipped
And First name, Last name, Company, Address, Address2, Country, State, City, Zipcode, Mobile Number kutularini doldur.skipped
And Create Account button butonunu tikla....................................skipped
And ACCOUNT CREATED! gorunur oldugunu dogrula...............................skipped
And Continue butonuna tikla.................................................skipped
But Logged in as username gorunurlugunu dogrula.............................skipped
And Delete Account butonuna tikla...........................................skipped
And deleteclick.............................................................skipped

StackTrace:
org.openqa.selenium.NoSuchElementException: no such element: Unable to locate element: {"method":"xpath","selector":"(//b['Enter Account Information'])[1]"}
  (Session info: chrome=102.0.5005.115)
For documentation on this error, please visit: https://selenium.dev/exceptions/#no_such_element
Build info: version: '4.1.3', revision: '7b1ebf28ef'
System info: host: 'DESKTOP-0GR68A5', ip: '192.168.1.37', os.name: 'Windows 11', os.arch: 'amd64', os.version: '10.0', java.version: '17.0.2'
Driver info: org.openqa.selenium.chrome.ChromeDriver
Command: [52a5dc6f7ff1dc25365d737e48a3b674, findElement {using=xpath, value=(//b['Enter Account Information'])[1]}]
Capabilities {acceptInsecureCerts: false, browserName: chrome, browserVersion: 102.0.5005.115, chrome: {chromedriverVersion: 102.0.5005.61 (0e59bcc00cc4..., userDataDir: C:\Users\ERKAMU~1\AppData\L...}, goog:chromeOptions: {debuggerAddress: localhost:57746}, javascriptEnabled: true, networkConnectionEnabled: false, pageLoadStrategy: normal, platform: WINDOWS, platformName: WINDOWS, proxy: Proxy(), se:cdp: ws://localhost:57746/devtoo..., se:cdpVersion: 102.0.5005.115, setWindowRect: true, strictFileInteractability: false, timeouts: {implicit: 0, pageLoad: 300000, script: 30000}, unhandledPromptBehavior: dismiss and notify, webauthn:extension:credBlob: true, webauthn:extension:largeBlob: true, webauthn:virtualAuthenticators: true}
Session ID: 52a5dc6f7ff1dc25365d737e48a3b674
	at java.base/jdk.internal.reflect.NativeConstructorAccessorImpl.newInstance0(Native Method)
	at java.base/jdk.internal.reflect.NativeConstructorAccessorImpl.newInstance(NativeConstructorAccessorImpl.java:77)
	at java.base/jdk.internal.reflect.DelegatingConstructorAccessorImpl.newInstance(DelegatingConstructorAccessorImpl.java:45)
	at java.base/java.lang.reflect.Constructor.newInstanceWithCaller(Constructor.java:499)
	at java.base/java.lang.reflect.Constructor.newInstance(Constructor.java:480)
	at org.openqa.selenium.remote.codec.w3c.W3CHttpResponseCodec.createException(W3CHttpResponseCodec.java:200)
	at org.openqa.selenium.remote.codec.w3c.W3CHttpResponseCodec.decode(W3CHttpResponseCodec.java:133)
	at org.openqa.selenium.remote.codec.w3c.W3CHttpResponseCodec.decode(W3CHttpResponseCodec.java:53)
	at org.openqa.selenium.remote.HttpCommandExecutor.execute(HttpCommandExecutor.java:184)
	at org.openqa.selenium.remote.service.DriverCommandExecutor.invokeExecute(DriverCommandExecutor.java:167)
	at org.openqa.selenium.remote.service.DriverCommandExecutor.execute(DriverCommandExecutor.java:142)
	at org.openqa.selenium.remote.RemoteWebDriver.execute(RemoteWebDriver.java:567)
	at org.openqa.selenium.remote.ElementLocation$ElementFinder$2.findElement(ElementLocation.java:162)
	at org.openqa.selenium.remote.ElementLocation.findElement(ElementLocation.java:60)
	at org.openqa.selenium.remote.RemoteWebDriver.findElement(RemoteWebDriver.java:385)
	at org.openqa.selenium.remote.RemoteWebDriver.findElement(RemoteWebDriver.java:377)
	at org.openqa.selenium.support.pagefactory.DefaultElementLocator.findElement(DefaultElementLocator.java:70)
	at org.openqa.selenium.support.pagefactory.internal.LocatingElementHandler.invoke(LocatingElementHandler.java:39)
	at jdk.proxy2/jdk.proxy2.$Proxy22.isDisplayed(Unknown Source)
	at stepDefinations.AutoStepDefinations_Erkam1.enter_account_information_yazisinin_gorunur_oldugunu_dogrula(AutoStepDefinations_Erkam1.java:54)
	at ✽.ENTER ACCOUNT INFORMATION yazisinin gorunur oldugunu dogrula(file:///C:/Users/ERKAM%20USLU/IdeaProjects/Susam-Autto-Exercise-test/src/test/resources/features/US002_AutomationExercise_Erkam1.feature:12)
]]></failure>
    </testcase>
    <testcase classname="US002 kullanici AutomationExercise sitesini test eder" name="TC02 Register User with existing email adres" time="18.203">
        <failure message="no such element: Unable to locate element: {&quot;method&quot;:&quot;xpath&quot;,&quot;selector&quot;:&quot;//a[@style='color:brown;'][1]&quot;}&#10;  (Session info: chrome=102.0.5005.115)&#10;For documentation on this error, please visit: https://selenium.dev/exceptions/#no_such_element&#10;Build info: version: '4.1.3', revision: '7b1ebf28ef'&#10;System info: host: 'DESKTOP-0GR68A5', ip: '192.168.1.37', os.name: 'Windows 11', os.arch: 'amd64', os.version: '10.0', java.version: '17.0.2'&#10;Driver info: org.openqa.selenium.chrome.ChromeDriver&#10;Command: [52a5dc6f7ff1dc25365d737e48a3b674, findElement {using=xpath, value=//a[@style='color:brown;'][1]}]&#10;Capabilities {acceptInsecureCerts: false, browserName: chrome, browserVersion: 102.0.5005.115, chrome: {chromedriverVersion: 102.0.5005.61 (0e59bcc00cc4..., userDataDir: C:\Users\ERKAMU~1\AppData\L...}, goog:chromeOptions: {debuggerAddress: localhost:57746}, javascriptEnabled: true, networkConnectionEnabled: false, pageLoadStrategy: normal, platform: WINDOWS, platformName: WINDOWS, proxy: Proxy(), se:cdp: ws://localhost:57746/devtoo..., se:cdpVersion: 102.0.5005.115, setWindowRect: true, strictFileInteractability: false, timeouts: {implicit: 0, pageLoad: 300000, script: 30000}, unhandledPromptBehavior: dismiss and notify, webauthn:extension:credBlob: true, webauthn:extension:largeBlob: true, webauthn:virtualAuthenticators: true}&#10;Session ID: 52a5dc6f7ff1dc25365d737e48a3b674" type="org.openqa.selenium.NoSuchElementException"><![CDATA[Given automationExercise Url adresine git...................................passed
And anasayfanin gorunur oldugunu dogrula....................................passed
And logout..................................................................failed
And SignupLogin butonuna tikla..............................................skipped
And New User Signup gorunur oldugunu dogrula................................skipped
And Enter name and already registered email address.........................skipped
But Click Signup button.....................................................skipped
Then Verify error Email Address already exist! is visible...................skipped

StackTrace:
org.openqa.selenium.NoSuchElementException: no such element: Unable to locate element: {"method":"xpath","selector":"//a[@style='color:brown;'][1]"}
  (Session info: chrome=102.0.5005.115)
For documentation on this error, please visit: https://selenium.dev/exceptions/#no_such_element
Build info: version: '4.1.3', revision: '7b1ebf28ef'
System info: host: 'DESKTOP-0GR68A5', ip: '192.168.1.37', os.name: 'Windows 11', os.arch: 'amd64', os.version: '10.0', java.version: '17.0.2'
Driver info: org.openqa.selenium.chrome.ChromeDriver
Command: [52a5dc6f7ff1dc25365d737e48a3b674, findElement {using=xpath, value=//a[@style='color:brown;'][1]}]
Capabilities {acceptInsecureCerts: false, browserName: chrome, browserVersion: 102.0.5005.115, chrome: {chromedriverVersion: 102.0.5005.61 (0e59bcc00cc4..., userDataDir: C:\Users\ERKAMU~1\AppData\L...}, goog:chromeOptions: {debuggerAddress: localhost:57746}, javascriptEnabled: true, networkConnectionEnabled: false, pageLoadStrategy: normal, platform: WINDOWS, platformName: WINDOWS, proxy: Proxy(), se:cdp: ws://localhost:57746/devtoo..., se:cdpVersion: 102.0.5005.115, setWindowRect: true, strictFileInteractability: false, timeouts: {implicit: 0, pageLoad: 300000, script: 30000}, unhandledPromptBehavior: dismiss and notify, webauthn:extension:credBlob: true, webauthn:extension:largeBlob: true, webauthn:virtualAuthenticators: true}
Session ID: 52a5dc6f7ff1dc25365d737e48a3b674
	at java.base/jdk.internal.reflect.NativeConstructorAccessorImpl.newInstance0(Native Method)
	at java.base/jdk.internal.reflect.NativeConstructorAccessorImpl.newInstance(NativeConstructorAccessorImpl.java:77)
	at java.base/jdk.internal.reflect.DelegatingConstructorAccessorImpl.newInstance(DelegatingConstructorAccessorImpl.java:45)
	at java.base/java.lang.reflect.Constructor.newInstanceWithCaller(Constructor.java:499)
	at java.base/java.lang.reflect.Constructor.newInstance(Constructor.java:480)
	at org.openqa.selenium.remote.codec.w3c.W3CHttpResponseCodec.createException(W3CHttpResponseCodec.java:200)
	at org.openqa.selenium.remote.codec.w3c.W3CHttpResponseCodec.decode(W3CHttpResponseCodec.java:133)
	at org.openqa.selenium.remote.codec.w3c.W3CHttpResponseCodec.decode(W3CHttpResponseCodec.java:53)
	at org.openqa.selenium.remote.HttpCommandExecutor.execute(HttpCommandExecutor.java:184)
	at org.openqa.selenium.remote.service.DriverCommandExecutor.invokeExecute(DriverCommandExecutor.java:167)
	at org.openqa.selenium.remote.service.DriverCommandExecutor.execute(DriverCommandExecutor.java:142)
	at org.openqa.selenium.remote.RemoteWebDriver.execute(RemoteWebDriver.java:567)
	at org.openqa.selenium.remote.ElementLocation$ElementFinder$2.findElement(ElementLocation.java:162)
	at org.openqa.selenium.remote.ElementLocation.findElement(ElementLocation.java:60)
	at org.openqa.selenium.remote.RemoteWebDriver.findElement(RemoteWebDriver.java:385)
	at org.openqa.selenium.remote.RemoteWebDriver.findElement(RemoteWebDriver.java:377)
	at org.openqa.selenium.support.pagefactory.DefaultElementLocator.findElement(DefaultElementLocator.java:70)
	at org.openqa.selenium.support.pagefactory.internal.LocatingElementHandler.invoke(LocatingElementHandler.java:39)
	at jdk.proxy2/jdk.proxy2.$Proxy22.click(Unknown Source)
	at stepDefinations.AutoStepDefinations_Erkam1.logout(AutoStepDefinations_Erkam1.java:139)
	at ✽.logout(file:///C:/Users/ERKAM%20USLU/IdeaProjects/Susam-Autto-Exercise-test/src/test/resources/features/US002_AutomationExercise_Erkam1.feature:27)
]]></failure>
    </testcase>
    <testcase classname="US002 kullanici AutomationExercise sitesini test eder" name="TC03 Search Product" time="7.299">
        <system-out><![CDATA[Given automationExercise Url adresine git...................................passed
And anasayfanin gorunur oldugunu dogrula....................................passed
And click on Products button................................................passed
And Verify user is navigated to ALL PRODUCTS page successfully..............passed
But Enter product name in search input and click search button..............passed
Then Verify SEARCHED PRODUCTS is visible....................................passed
And Verify all the products related to search are visible...................passed
]]></system-out>
    </testcase>
    <testcase classname="US002 kullanici AutomationExercise sitesini test eder" name="Verify Product quantity in Cart" time="3.97">
        <system-out><![CDATA[Given automationExercise Url adresine git...................................passed
And anasayfanin gorunur oldugunu dogrula....................................passed
And Click View Product for any product on home page.........................passed
And Verify product detail is opened.........................................passed
Then Increase quantity to 4.................................................passed
And Click Add to cart button................................................passed
Then Click View Cart button.................................................passed
But Verify that product is displayed in cart page with exact quantity.......passed
]]></system-out>
    </testcase>
    <testcase classname="US002 kullanici AutomationExercise sitesini test eder" name="Remove Products From Cart" time="3.287">
        <system-out><![CDATA[Given automationExercise Url adresine git...................................passed
And anasayfanin gorunur oldugunu dogrula....................................passed
Then Add products to cart...................................................passed
And Click Cart button.......................................................passed
Given Verify that cart page is displayed....................................passed
But Click X button corresponding to particular product......................passed
]]></system-out>
    </testcase>
    <testcase classname="US002 kullanici AutomationExercise sitesini test eder" name="Add review on product" time="3.693">
        <system-out><![CDATA[Given automationExercise Url adresine git...................................passed
And anasayfanin gorunur oldugunu dogrula....................................passed
But click the product button................................................passed
And Verify user is navigated to ALL PRODUCTS page successfully..............passed
Then Click on View Product button...........................................passed
And Verify Write Your Review is visible.....................................passed
But Enter name, email and review............................................passed
Given Click Submit button...................................................passed
]]></system-out>
    </testcase>
</testsuite>
